<?xml version="1.0" encoding="UTF-8"?>
<datasources xmlns="http://www.jboss.org/ironjacamar/schema">
    <datasource jndi-name="java:/testDB" pool-name="Test_Pool">
        <connection-url>jdbc:h2:mem:ifi-employee-test;DB_CLOSE_DELAY=-1</connection-url>
        <driver>h2</driver>
        <security>
            <user-name>testUser</user-name>
            <password>testPassword</password>
        </security>
    </datasource>
</datasources>
